* using log directory ‘/builds/jangorecki/big.data.table/big.data.table.Rcheck’
* using R version 3.2.3 (2015-12-10)
* using platform: x86_64-pc-linux-gnu (64-bit)
* using session charset: UTF-8
* using options ‘--no-manual --no-build-vignettes --as-cran’
* checking for file ‘big.data.table/DESCRIPTION’ ... OK
* checking extension type ... Package
* this is package ‘big.data.table’ version ‘0.3.3’
* checking CRAN incoming feasibility ... NOTE
Maintainer: ‘Jan Gorecki <j.gorecki@wit.edu.pl>’
New submission

Suggests or Enhances not in mainstream repositories:
  logR

Availability using Additional_repositories specification:
  logR   yes   https://jangorecki.github.io/logR  
  ?        ?   https://olafmersmann.github.io/drat

The Title field should be in title case, current version then in title case:
‘Parallel distributed computing for data.table’
‘Parallel Distributed Computing for Data.table’
* checking package namespace information ... OK
* checking package dependencies ... OK
* checking if this is a source package ... OK
* checking if there is a namespace ... OK
* checking for executable files ... OK
* checking for hidden files and directories ... OK
* checking for portable file names ... OK
* checking for sufficient/correct file permissions ... OK
* checking whether package ‘big.data.table’ can be installed ... OK
* checking installed package size ... OK
* checking package directory ... OK
* checking DESCRIPTION meta-information ... OK
* checking top-level files ... NOTE
File README.md cannot be checked without ‘pandoc’ being installed.
* checking for left-over files ... OK
* checking index information ... OK
* checking package subdirectories ... OK
* checking R files for non-ASCII characters ... OK
* checking R files for syntax errors ... OK
* checking whether the package can be loaded ... OK
* checking whether the package can be loaded with stated dependencies ... OK
* checking whether the package can be unloaded cleanly ... OK
* checking whether the namespace can be loaded with stated dependencies ... OK
* checking whether the namespace can be unloaded cleanly ... OK
* checking loading without being on the library search path ... OK
* checking use of S3 registration ... OK
* checking dependencies in R code ... OK
* checking S3 generic/method consistency ... OK
* checking replacement functions ... OK
* checking foreign function calls ... OK
* checking R code for possible problems ... OK
* checking Rd files ... OK
* checking Rd metadata ... OK
* checking Rd line widths ... OK
* checking Rd cross-references ... OK
* checking for missing documentation entries ... OK
* checking for code/documentation mismatches ... OK
* checking Rd \usage sections ... OK
* checking Rd contents ... OK
* checking for unstated dependencies in examples ... OK
* checking examples ... NONE
* checking for unstated dependencies in ‘tests’ ... OK
* checking tests ... OK
  Running ‘tests-01-run-rserve.R’
  Running ‘tests-02-rscl.R’
  Running ‘tests-03-as.big.data.table.R’
  Running ‘tests-04-sub-.big.data.table.R’
  Running ‘tests-05-sub-sub-.big.data.table.R’
  Running ‘tests-06-readme.R’
  Running ‘tests-08-logging.R’
  Running ‘tests-99-stop-rserve.R’
* DONE
Status: 2 NOTEs
